<?xml version="1.0" encoding="UTF-8"?>
<!-- Generated by org.testng.reporters.JUnitReportReporter -->
<testsuite hostname="zcm" name="com.guoyasoft.FirstTestNG" tests="1" failures="0" timestamp="5 Nov 2017 03:57:03 GMT" time="0.369" errors="0">
  <testcase name="testLogin" time="0.369" classname="com.guoyasoft.FirstTestNG"/>
</testsuite> <!-- com.guoyasoft.FirstTestNG -->
