<?xml version="1.0" encoding="UTF-8"?>
<!-- Generated by org.testng.reporters.JUnitReportReporter -->
<testsuite hostname="zcm" name="com.guoyasoft.FirstTestNG$FirstTestNGTest" tests="1" failures="0" timestamp="5 Nov 2017 03:21:35 GMT" time="0.368" errors="0">
  <testcase name="testLogin" time="0.368" classname="com.guoyasoft.FirstTestNG$FirstTestNGTest"/>
</testsuite> <!-- com.guoyasoft.FirstTestNG$FirstTestNGTest -->
